TN:
SF:contracts/LRTConfig.sol
FN:109,LRTConfig.updateAssetStrategy
FN:127,LRTConfig.getLSTToken
FN:131,LRTConfig.getContract
FN:135,LRTConfig.getSupportedAssetList
FN:144,LRTConfig.setRSETH
FN:149,LRTConfig.setToken
FN:156,LRTConfig._setToken
FN:165,LRTConfig.setContract
FN:172,LRTConfig._setContract
FN:41,LRTConfig.initialize
FN:73,LRTConfig.addNewSupportedAsset
FN:80,LRTConfig._addNewSupportedAsset
FN:94,LRTConfig.updateAssetDepositLimit
FNDA:6,LRTConfig.updateAssetStrategy
FNDA:3,LRTConfig.getLSTToken
FNDA:16,LRTConfig.getContract
FNDA:1,LRTConfig.getSupportedAssetList
FNDA:3,LRTConfig.setRSETH
FNDA:5,LRTConfig.setToken
FNDA:10,LRTConfig._setToken
FNDA:8,LRTConfig.setContract
FNDA:7,LRTConfig._setContract
FNDA:8,LRTConfig.initialize
FNDA:4,LRTConfig.addNewSupportedAsset
FNDA:9,LRTConfig._addNewSupportedAsset
FNDA:9,LRTConfig.updateAssetDepositLimit
FNF:13
FNH:13
DA:51,7
DA:52,6
DA:53,5
DA:54,4
DA:55,3
DA:57,2
DA:58,2
DA:59,2
DA:60,2
DA:61,2
DA:62,2
DA:63,2
DA:65,2
DA:67,2
DA:74,3
DA:81,9
DA:82,8
DA:83,1
DA:85,7
DA:86,7
DA:87,7
DA:88,7
DA:102,7
DA:103,7
DA:117,4
DA:118,3
DA:119,1
DA:121,2
DA:128,3
DA:132,16
DA:136,1
DA:145,2
DA:146,1
DA:150,4
DA:157,10
DA:158,9
DA:159,1
DA:161,8
DA:162,8
DA:166,7
DA:173,7
DA:174,6
DA:175,1
DA:177,5
DA:178,5
LF:45
LH:45
end_of_record
TN:
SF:contracts/LRTDepositPool.sol
FN:111,LRTDepositPool.depositAsset
FN:146,LRTDepositPool._mintRsETH
FN:157,LRTDepositPool.addNodeDelegatorContractToQueue
FN:178,LRTDepositPool.transferAssetToNodeDelegator
FN:197,LRTDepositPool.updateMaxNodeDelegatorCount
FN:203,LRTDepositPool.pause
FN:208,LRTDepositPool.unpause
FN:32,LRTDepositPool.initialize
FN:48,LRTDepositPool.getAssetCurrentLimit
FN:54,LRTDepositPool.getNodeDelegatorQueue
FN:63,LRTDepositPool.getAssetDistributionData
FN:87,LRTDepositPool.getRsETHAmountToMint
FNDA:7,LRTDepositPool.depositAsset
FNDA:4,LRTDepositPool._mintRsETH
FNDA:15,LRTDepositPool.addNodeDelegatorContractToQueue
FNDA:2,LRTDepositPool.transferAssetToNodeDelegator
FNDA:2,LRTDepositPool.updateMaxNodeDelegatorCount
FNDA:3,LRTDepositPool.pause
FNDA:2,LRTDepositPool.unpause
FNDA:2,LRTDepositPool.initialize
FNDA:2,LRTDepositPool.getAssetCurrentLimit
FNDA:1,LRTDepositPool.getNodeDelegatorQueue
FNDA:1,LRTDepositPool.getAssetDistributionData
FNDA:1,LRTDepositPool.getRsETHAmountToMint
FNF:12
FNH:12
DA:33,2
DA:34,1
DA:35,1
DA:36,1
DA:37,1
DA:38,1
DA:49,7
DA:55,1
DA:71,1
DA:73,1
DA:74,1
DA:75,3
DA:76,3
DA:78,3
DA:97,5
DA:98,5
DA:101,5
DA:121,6
DA:122,1
DA:124,5
DA:125,1
DA:128,4
DA:129,0
DA:133,4
DA:136,4
DA:138,4
DA:147,4
DA:149,4
DA:151,4
DA:158,14
DA:159,14
DA:160,1
DA:163,13
DA:164,19
DA:165,19
DA:166,19
DA:168,19
DA:188,1
DA:189,1
DA:190,0
DA:198,1
DA:199,1
DA:204,2
DA:209,1
LF:44
LH:42
end_of_record
TN:
SF:contracts/LRTOracle.sol
FN:105,LRTOracle.pause
FN:110,LRTOracle.unpause
FN:29,LRTOracle.initialize
FN:45,LRTOracle.getAssetPrice
FN:52,LRTOracle.getRSETHPrice
FN:91,LRTOracle.updatePriceOracleFor
FNDA:4,LRTOracle.pause
FNDA:4,LRTOracle.unpause
FNDA:4,LRTOracle.initialize
FNDA:2,LRTOracle.getAssetPrice
FNDA:2,LRTOracle.getRSETHPrice
FNDA:4,LRTOracle.updatePriceOracleFor
FNF:6
FNH:6
DA:30,3
DA:31,2
DA:33,2
DA:34,2
DA:46,4
DA:53,2
DA:54,2
DA:56,2
DA:57,1
DA:60,1
DA:61,1
DA:63,1
DA:64,1
DA:66,1
DA:67,3
DA:68,3
DA:70,3
DA:71,3
DA:73,3
DA:74,3
DA:77,3
DA:81,1
DA:99,2
DA:100,1
DA:101,1
DA:106,3
DA:111,3
LF:27
LH:27
end_of_record
TN:
SF:contracts/NodeDelegator.sol
FN:121,NodeDelegator.getAssetBalance
FN:127,NodeDelegator.pause
FN:132,NodeDelegator.unpause
FN:26,NodeDelegator.initialize
FN:38,NodeDelegator.maxApproveToEigenStrategyManager
FN:51,NodeDelegator.depositAssetIntoStrategy
FN:74,NodeDelegator.transferBackToLRTDepositPool
FN:94,NodeDelegator.getAssetBalances
FNDA:1,NodeDelegator.getAssetBalance
FNDA:6,NodeDelegator.pause
FNDA:4,NodeDelegator.unpause
FNDA:4,NodeDelegator.initialize
FNDA:3,NodeDelegator.maxApproveToEigenStrategyManager
FNDA:7,NodeDelegator.depositAssetIntoStrategy
FNDA:4,NodeDelegator.transferBackToLRTDepositPool
FNDA:1,NodeDelegator.getAssetBalances
FNF:8
FNH:8
DA:27,3
DA:28,2
DA:29,2
DA:31,2
DA:32,2
DA:44,1
DA:45,1
DA:59,4
DA:60,4
DA:61,4
DA:63,4
DA:65,4
DA:67,4
DA:84,1
DA:86,1
DA:87,0
DA:100,1
DA:102,1
DA:103,1
DA:105,1
DA:106,1
DA:107,1
DA:109,1
DA:110,2
DA:111,2
DA:113,2
DA:122,1
DA:123,1
DA:128,5
DA:133,3
LF:30
LH:29
end_of_record
TN:
SF:contracts/RSETH.sol
FN:32,RSETH.initialize
FN:47,RSETH.mint
FN:54,RSETH.burnFrom
FN:60,RSETH.pause
FN:66,RSETH.unpause
FN:73,RSETH.updateLRTConfig
FNDA:3,RSETH.initialize
FNDA:7,RSETH.mint
FNDA:3,RSETH.burnFrom
FNDA:6,RSETH.pause
FNDA:4,RSETH.unpause
FNDA:3,RSETH.updateLRTConfig
FNF:6
FNH:6
DA:33,3
DA:34,2
DA:36,1
DA:37,1
DA:38,1
DA:39,1
DA:40,1
DA:41,1
DA:48,5
DA:55,1
DA:61,5
DA:67,3
DA:74,2
DA:75,1
DA:76,1
LF:15
LH:15
end_of_record
TN:
SF:contracts/oracles/ChainlinkPriceOracle.sol
FN:27,ChainlinkPriceOracle.initialize
FN:37,ChainlinkPriceOracle.getAssetPrice
FN:45,ChainlinkPriceOracle.updatePriceFeedFor
FNDA:4,ChainlinkPriceOracle.initialize
FNDA:2,ChainlinkPriceOracle.getAssetPrice
FNDA:4,ChainlinkPriceOracle.updatePriceFeedFor
FNF:3
FNH:3
DA:28,3
DA:30,2
DA:31,2
DA:38,1
DA:46,2
DA:47,1
DA:48,1
LF:7
LH:7
end_of_record
TN:
SF:contracts/utils/LRTConfigRoleChecker.sol
FN:47,LRTConfigRoleChecker.updateLRTConfig
FNDA:0,LRTConfigRoleChecker.updateLRTConfig
FNF:1
FNH:0
DA:48,0
DA:49,0
DA:50,0
LF:3
LH:0
end_of_record
TN:
SF:contracts/utils/UtilLib.sol
FN:11,UtilLib.checkNonZeroAddress
FNDA:98,UtilLib.checkNonZeroAddress
FNF:1
FNH:1
DA:12,98
LF:1
LH:1
end_of_record
